<?xml version="1.0" encoding="UTF-8"?>
<testsuite xmlns:xsi="http://www.w3.org/2001/XMLSchema-instance" xsi:noNamespaceSchemaLocation="https://maven.apache.org/surefire/maven-surefire-plugin/xsd/surefire-test-report-3.0.xsd" version="3.0" name="TesteConexao" time="2.801" tests="1" errors="0" skipped="0" failures="0">
  <properties>
[...]
</properties>
  <testcase name="testeConexaoAberta" classname="TesteConexao" time="2.701">
    <system-out><![CDATA[Hibernate: 
    
    create table tbl_carta (
       car_id  serial not null,
        car_ataque int4 not null,
        car_categoria varchar(255),
        car_defesa int4 not null,
        car_nome varchar(255) not null,
        car_raridade int4,
        jogador_id int4,
        primary key (car_id)
    )
Hibernate: 
    
    create table tbl_jogador (
       jog_id  serial not null,
        jog_level int4,
        jog_nickname varchar(255) not null,
        primary key (jog_id)
    )
Hibernate: 
    
    alter table tbl_carta 
       add constraint FKivu4qouabgycyv0n40txxvslv 
       foreign key (jogador_id) 
       references tbl_jogador
Iniciando teste de conexão...
✅ Conexão aberta com sucesso!
Conexão fechada com sucesso.
]]></system-out>
    <system-err><![CDATA[mai. 18, 2025 3:51:53 PM org.hibernate.jpa.internal.util.LogHelper logPersistenceUnitInformation
INFO: HHH000204: Processing PersistenceUnitInfo [name: pu-lpoo-card-game]
mai. 18, 2025 3:51:53 PM org.hibernate.Version logVersion
INFO: HHH000412: Hibernate ORM core version 5.6.15.Final
mai. 18, 2025 3:51:53 PM org.hibernate.annotations.common.reflection.java.JavaReflectionManager <clinit>
INFO: HCANN000001: Hibernate Commons Annotations {5.1.2.Final}
mai. 18, 2025 3:51:54 PM org.hibernate.engine.jdbc.connections.internal.DriverManagerConnectionProviderImpl configure
WARN: HHH10001002: Using Hibernate built-in connection pool (not for production use!)
mai. 18, 2025 3:51:54 PM org.hibernate.engine.jdbc.connections.internal.DriverManagerConnectionProviderImpl buildCreator
INFO: HHH10001005: using driver [org.postgresql.Driver] at URL [jdbc:postgresql://localhost:5432/db_lpoo_card_game]
mai. 18, 2025 3:51:54 PM org.hibernate.engine.jdbc.connections.internal.DriverManagerConnectionProviderImpl buildCreator
INFO: HHH10001001: Connection properties: {password=****, characterEncoding=UTF-8, user=postgres}
mai. 18, 2025 3:51:54 PM org.hibernate.engine.jdbc.connections.internal.DriverManagerConnectionProviderImpl buildCreator
INFO: HHH10001003: Autocommit mode: false
mai. 18, 2025 3:51:54 PM org.hibernate.engine.jdbc.connections.internal.DriverManagerConnectionProviderImpl$PooledConnections <init>
INFO: HHH000115: Hibernate connection pool size: 20 (min=1)
mai. 18, 2025 3:51:54 PM org.hibernate.dialect.Dialect <init>
INFO: HHH000400: Using dialect: org.hibernate.dialect.PostgreSQLDialect
mai. 18, 2025 3:51:55 PM org.hibernate.resource.transaction.backend.jdbc.internal.DdlTransactionIsolatorNonJtaImpl getIsolatedConnection
INFO: HHH10001501: Connection obtained from JdbcConnectionAccess [org.hibernate.engine.jdbc.env.internal.JdbcEnvironmentInitiator$ConnectionProviderJdbcConnectionAccess@1937eaff] for (non-JTA) DDL execution was not in auto-commit mode; the Connection 'local transaction' will be committed and the Connection will be set into auto-commit mode.
mai. 18, 2025 3:51:55 PM org.hibernate.engine.transaction.jta.platform.internal.JtaPlatformInitiator initiateService
INFO: HHH000490: Using JtaPlatform implementation: [org.hibernate.engine.transaction.jta.platform.internal.NoJtaPlatform]
]]></system-err>
  </testcase>
</testsuite>